<?xml version="1.0" encoding="UTF-8"?>
<testsuites>
  <testsuite name="fastlane.lanes">
    
    
    
      
      <testcase classname="fastlane.lanes" name="0: default_platform" time="0.0107984">
        
      </testcase>
    
      
      <testcase classname="fastlane.lanes" name="1: flutter build apk --no-shrink" time="19.3374204">
        
          <failure message="C:/Ruby26-x64/lib/ruby/gems/2.6.0/gems/fastlane-2.179.0/fastlane/lib/fastlane/actions/actions_helper.rb:67:in `execute_action'&#10;C:/Ruby26-x64/lib/ruby/gems/2.6.0/gems/fastlane-2.179.0/fastlane/lib/fastlane/fast_file.rb:222:in `sh'&#10;C:/Ruby26-x64/lib/ruby/gems/2.6.0/gems/fastlane-2.179.0/fastlane/lib/fastlane/fast_file.rb:216:in `sh'&#10;Fastfile:36:in `block (2 levels) in parsing_binding'&#10;C:/Ruby26-x64/lib/ruby/gems/2.6.0/gems/fastlane-2.179.0/fastlane/lib/fastlane/lane.rb:33:in `call'&#10;C:/Ruby26-x64/lib/ruby/gems/2.6.0/gems/fastlane-2.179.0/fastlane/lib/fastlane/runner.rb:49:in `block in execute'&#10;C:/Ruby26-x64/lib/ruby/gems/2.6.0/gems/fastlane-2.179.0/fastlane/lib/fastlane/runner.rb:45:in `chdir'&#10;C:/Ruby26-x64/lib/ruby/gems/2.6.0/gems/fastlane-2.179.0/fastlane/lib/fastlane/runner.rb:45:in `execute'&#10;C:/Ruby26-x64/lib/ruby/gems/2.6.0/gems/fastlane-2.179.0/fastlane/lib/fastlane/lane_manager.rb:47:in `cruise_lane'&#10;C:/Ruby26-x64/lib/ruby/gems/2.6.0/gems/fastlane-2.179.0/fastlane/lib/fastlane/command_line_handler.rb:36:in `handle'&#10;C:/Ruby26-x64/lib/ruby/gems/2.6.0/gems/fastlane-2.179.0/fastlane/lib/fastlane/commands_generator.rb:108:in `block (2 levels) in run'&#10;C:/Ruby26-x64/lib/ruby/gems/2.6.0/gems/commander-fastlane-4.4.6/lib/commander/command.rb:178:in `call'&#10;C:/Ruby26-x64/lib/ruby/gems/2.6.0/gems/commander-fastlane-4.4.6/lib/commander/command.rb:153:in `run'&#10;C:/Ruby26-x64/lib/ruby/gems/2.6.0/gems/commander-fastlane-4.4.6/lib/commander/runner.rb:476:in `run_active_command'&#10;C:/Ruby26-x64/lib/ruby/gems/2.6.0/gems/fastlane-2.179.0/fastlane_core/lib/fastlane_core/ui/fastlane_runner.rb:76:in `run!'&#10;C:/Ruby26-x64/lib/ruby/gems/2.6.0/gems/commander-fastlane-4.4.6/lib/commander/delegates.rb:15:in `run!'&#10;C:/Ruby26-x64/lib/ruby/gems/2.6.0/gems/fastlane-2.179.0/fastlane/lib/fastlane/commands_generator.rb:352:in `run'&#10;C:/Ruby26-x64/lib/ruby/gems/2.6.0/gems/fastlane-2.179.0/fastlane/lib/fastlane/commands_generator.rb:41:in `start'&#10;C:/Ruby26-x64/lib/ruby/gems/2.6.0/gems/fastlane-2.179.0/fastlane/lib/fastlane/cli_tools_distributor.rb:122:in `take_off'&#10;C:/Ruby26-x64/lib/ruby/gems/2.6.0/gems/fastlane-2.179.0/bin/fastlane:23:in `&lt;top (required)&gt;'&#10;C:/Ruby26-x64/bin/fastlane:23:in `load'&#10;C:/Ruby26-x64/bin/fastlane:23:in `&lt;main&gt;'&#10;&#10;Exit status of command 'flutter build apk --no-shrink' was 1 instead of 0.&#10;Changing current working directory to: C:\Users\Admin\Glink&#10;You are building a fat APK that includes binaries for android-arm, android-arm64, android-x64.&#10;If you are deploying the app to the Play Store, it's recommended to use app bundles or split the APK to reduce the APK size.&#10;    To generate an app bundle, run:&#10;        flutter build appbundle --target-platform android-arm,android-arm64,android-x64&#10;        Learn more on: https://developer.android.com/guide/app-bundle&#10;    To split the APKs per ABI, run:&#10;        flutter build apk --target-platform android-arm,android-arm64,android-x64 --split-per-abi&#10;        Learn more on:  https://developer.android.com/studio/build/configure-apk-splits#configure-abi-split&#10;Running Gradle task 'assembleRelease'...                        &#10;&#10;&#10;&#10;&#10;FAILURE: Build failed with an exception.&#10;&#10;&#10;&#10;* Where:&#10;&#10;Script 'C:\Users\Admin\Flutter\flutter\packages\flutter_tools\gradle\flutter.gradle' line: 904&#10;&#10;&#10;&#10;* What went wrong:&#10;&#10;Execution failed for task ':app:compileFlutterBuildRelease'.&#10;&#10;&gt; Process 'command 'C:\Users\Admin\Flutter\flutter\bin\flutter.bat'' finished with non-zero exit value 1&#10;&#10;&#10;&#10;* Try:&#10;&#10;Run with --stacktrace option to get the stack trace. Run with --info or --debug option to get more log output. Run with --scan to get full insights.&#10;&#10;&#10;&#10;* Get more help at https://help.gradle.org&#10;&#10;&#10;&#10;BUILD FAILED in 15s&#10;Running Gradle task 'assembleRelease'...                           16.4s&#10;Gradle task assembleRelease failed with exit code 1&#10;" />
        
      </testcase>
    
  </testsuite>
</testsuites>
